<?xml version="1.0" encoding="UTF-8"?>
<!-- Generated by org.testng.reporters.JUnitXMLReporter -->
<testsuite ignored="0" hostname="DESKTOP-GJSAEHS" failures="0" tests="1" name="Default test(failed)" time="10.715" errors="0" timestamp="2022-09-20T19:16:49 IST">
  <testcase classname="org.sdet40.GenericUtility.BaseClassTestNG" name="@BeforeClass ClassSetup" time="10.583">
    <failure type="org.openqa.selenium.WebDriverException" message="unknown error: net::ERR_NAME_NOT_RESOLVED
  (Session info: chrome=105.0.5195.127)
Build info: version: &amp;apos;4.4.0&amp;apos;, revision: &amp;apos;e5c75ed026a&amp;apos;
System info: host: &amp;apos;DESKTOP-GJSAEHS&amp;apos;, ip: &amp;apos;192.168.181.1&amp;apos;, os.name: &amp;apos;Windows 11&amp;apos;, os.arch: &amp;apos;amd64&amp;apos;, os.version: &amp;apos;10.0&amp;apos;, java.version: &amp;apos;17.0.2&amp;apos;
Driver info: org.openqa.selenium.chrome.ChromeDriver
Command: [bcc3483c27ffa96b8bcded7ac053de35, get {url=http://rmgtestingserver/domain/HRM_System/}]
Capabilities {acceptInsecureCerts: false, browserName: chrome, browserVersion: 105.0.5195.127, chrome: {chromedriverVersion: 105.0.5195.52 (412c95e51883..., userDataDir: C:\Users\Nagalakshmi S\AppD...}, goog:chromeOptions: {debuggerAddress: localhost:52050}, networkConnectionEnabled: false, pageLoadStrategy: normal, platformName: WINDOWS, proxy: Proxy(), se:cdp: ws://localhost:52050/devtoo..., se:cdpVersion: 105.0.5195.127, setWindowRect: true, strictFileInteractability: false, timeouts: {implicit: 0, pageLoad: 300000, script: 30000}, unhandledPromptBehavior: dismiss and notify, webauthn:extension:credBlob: true, webauthn:extension:largeBlob: true, webauthn:virtualAuthenticators: true}
Session ID: bcc3483c27ffa96b8bcded7ac053de35">
      <![CDATA[org.openqa.selenium.WebDriverException: unknown error: net::ERR_NAME_NOT_RESOLVED
  (Session info: chrome=105.0.5195.127)
Build info: version: '4.4.0', revision: 'e5c75ed026a'
System info: host: 'DESKTOP-GJSAEHS', ip: '192.168.181.1', os.name: 'Windows 11', os.arch: 'amd64', os.version: '10.0', java.version: '17.0.2'
Driver info: org.openqa.selenium.chrome.ChromeDriver
Command: [bcc3483c27ffa96b8bcded7ac053de35, get {url=http://rmgtestingserver/domain/HRM_System/}]
Capabilities {acceptInsecureCerts: false, browserName: chrome, browserVersion: 105.0.5195.127, chrome: {chromedriverVersion: 105.0.5195.52 (412c95e51883..., userDataDir: C:\Users\Nagalakshmi S\AppD...}, goog:chromeOptions: {debuggerAddress: localhost:52050}, networkConnectionEnabled: false, pageLoadStrategy: normal, platformName: WINDOWS, proxy: Proxy(), se:cdp: ws://localhost:52050/devtoo..., se:cdpVersion: 105.0.5195.127, setWindowRect: true, strictFileInteractability: false, timeouts: {implicit: 0, pageLoad: 300000, script: 30000}, unhandledPromptBehavior: dismiss and notify, webauthn:extension:credBlob: true, webauthn:extension:largeBlob: true, webauthn:virtualAuthenticators: true}
Session ID: bcc3483c27ffa96b8bcded7ac053de35
at org.openqa.selenium.remote.codec.w3c.W3CHttpResponseCodec.createException(W3CHttpResponseCodec.java:200)
at org.openqa.selenium.remote.codec.w3c.W3CHttpResponseCodec.decode(W3CHttpResponseCodec.java:133)
at org.openqa.selenium.remote.codec.w3c.W3CHttpResponseCodec.decode(W3CHttpResponseCodec.java:53)
at org.openqa.selenium.remote.HttpCommandExecutor.execute(HttpCommandExecutor.java:184)
at org.openqa.selenium.remote.service.DriverCommandExecutor.invokeExecute(DriverCommandExecutor.java:167)
at org.openqa.selenium.remote.service.DriverCommandExecutor.execute(DriverCommandExecutor.java:142)
at org.openqa.selenium.remote.RemoteWebDriver.execute(RemoteWebDriver.java:547)
at org.openqa.selenium.remote.RemoteWebDriver.get(RemoteWebDriver.java:310)
at org.sdet40.GenericUtility.WebDriverUtility.navigateApplication(WebDriverUtility.java:83)
at org.sdet40.GenericUtility.WebDriverUtility.openBrowserWithApplication(WebDriverUtility.java:100)
at org.sdet40.GenericUtility.BaseClassTestNG.ClassSetup(BaseClassTestNG.java:87)
at java.base/java.util.ArrayList.forEach(ArrayList.java:1511)
... Removed 30 stack frames]]>
    </failure>
  </testcase> <!-- @BeforeClass ClassSetup -->
  <testcase classname="org.sdet40.GenericUtility.BaseClassTestNG" name="@BeforeMethod methodsetUp" time="-1.66368160988E9">
    <skipped/>
  </testcase> <!-- @BeforeMethod methodsetUp -->
  <testcase classname="org.sdet40.GenericUtility.BaseClassTestNG" name="@AfterMethod methodTearDown" time="-1.663681609897E9">
    <skipped/>
  </testcase> <!-- @AfterMethod methodTearDown -->
  <testcase classname="org.sdet40.GenericUtility.BaseClassTestNG" name="@AfterClass classTeardown" time="-1.663681609905E9">
    <skipped/>
  </testcase> <!-- @AfterClass classTeardown -->
  <testcase classname="TestNG.CreateAdminTest" name="createAdminTest" time="0.0">
    <skipped/>
  </testcase> <!-- createAdminTest -->
</testsuite> <!-- Default test(failed) -->
